<?xml version="1.0" encoding="utf-8"?><testsuites name="pytest tests"><testsuite name="pytest" errors="0" failures="0" skipped="0" tests="17" time="14.440" timestamp="2026-03-03T15:33:10.026600+00:00" hostname="agent-env-2b467cd8-730a-4d83-8d01-c48918b1e4af"><testcase classname="backend.tests.test_admin_dashboard.TestAdminAuth" name="test_admin_login_success" time="0.553" /><testcase classname="backend.tests.test_admin_dashboard.TestAdminAuth" name="test_admin_stats_endpoint" time="0.455" /><testcase classname="backend.tests.test_admin_dashboard.TestAdminAuth" name="test_non_admin_cannot_access_admin_endpoints" time="0.148" /><testcase classname="backend.tests.test_admin_dashboard.TestRoleRequests" name="test_get_pending_notifications" time="0.503" /><testcase classname="backend.tests.test_admin_dashboard.TestRoleRequests" name="test_filter_notifications_by_status" time="0.744" /><testcase classname="backend.tests.test_admin_dashboard.TestRoleRequests" name="test_get_notification_count" time="0.475" /><testcase classname="backend.tests.test_admin_dashboard.TestRoleApprovalFlow" name="test_approve_role_request" time="2.272" /><testcase classname="backend.tests.test_admin_dashboard.TestRoleApprovalFlow" name="test_reject_role_request_and_login_blocked" time="1.617" /><testcase classname="backend.tests.test_admin_dashboard.TestRoleApprovalFlow" name="test_delete_role_request" time="1.457" /><testcase classname="backend.tests.test_admin_dashboard.TestRoleApprovalFlow" name="test_cannot_process_already_processed_request" time="1.437" /><testcase classname="backend.tests.test_admin_dashboard.TestCSVExports" name="test_export_users_csv_authenticated" time="0.518" /><testcase classname="backend.tests.test_admin_dashboard.TestCSVExports" name="test_export_articles_csv_authenticated" time="0.452" /><testcase classname="backend.tests.test_admin_dashboard.TestCSVExports" name="test_export_properties_csv_authenticated" time="0.515" /><testcase classname="backend.tests.test_admin_dashboard.TestCSVExports" name="test_export_payments_csv_authenticated" time="0.462" /><testcase classname="backend.tests.test_admin_dashboard.TestCSVExports" name="test_export_role_requests_csv_authenticated" time="0.515" /><testcase classname="backend.tests.test_admin_dashboard.TestCSVExports" name="test_csv_export_requires_auth" time="0.658" /><testcase classname="backend.tests.test_admin_dashboard.TestExistingPendingRequest" name="test_existing_pending_request_if_exists" time="1.510" /></testsuite></testsuites>