<?xml version="1.0" encoding="utf-8"?><testsuites name="pytest tests"><testsuite name="pytest" errors="0" failures="0" skipped="0" tests="13" time="1.759" timestamp="2026-02-17T23:05:54.496507+00:00" hostname="agent-env-97e665bc-dc78-47cf-a0ca-19bcbdb7a630"><testcase classname="tests.test_matrix_news.TestHealthCheck" name="test_api_root" time="0.004" /><testcase classname="tests.test_matrix_news.TestAuthentication" name="test_login_success" time="0.233" /><testcase classname="tests.test_matrix_news.TestAuthentication" name="test_login_invalid_credentials" time="0.232" /><testcase classname="tests.test_matrix_news.TestAuthentication" name="test_login_missing_fields" time="0.005" /><testcase classname="tests.test_matrix_news.TestUploadAPI" name="test_upload_image_jpg_success" time="0.232" /><testcase classname="tests.test_matrix_news.TestUploadAPI" name="test_upload_invalid_type_returns_400" time="0.230" /><testcase classname="tests.test_matrix_news.TestUploadAPI" name="test_upload_without_auth_returns_403" time="0.002" /><testcase classname="tests.test_matrix_news.TestArticles" name="test_get_articles_public" time="0.003" /><testcase classname="tests.test_matrix_news.TestArticles" name="test_get_categories" time="0.003" /><testcase classname="tests.test_matrix_news.TestArticles" name="test_create_article_as_author" time="0.262" /><testcase classname="tests.test_matrix_news.TestArticles" name="test_create_article_without_auth_fails" time="0.002" /><testcase classname="tests.test_matrix_news.TestPNGIconURL" name="test_png_icon_url_format" time="0.000" /><testcase classname="tests.test_matrix_news.TestMediaServing" name="test_uploaded_image_is_served" time="0.433" /></testsuite></testsuites>