<?xml version="1.0" encoding="utf-8"?><testsuites name="pytest tests"><testsuite name="pytest" errors="0" failures="0" skipped="0" tests="9" time="4.806" timestamp="2026-04-01T00:56:10.443943+00:00" hostname="agent-env-42712703-f4c2-4899-b289-9af705d3766f"><testcase classname="tests.test_property_form_extended.TestPropertyExtendedFields" name="test_create_property_with_extended_fields" time="0.667" /><testcase classname="tests.test_property_form_extended.TestPropertyExtendedFields" name="test_get_property_returns_extended_fields" time="0.536" /><testcase classname="tests.test_property_form_extended.TestPropertyExtendedFields" name="test_new_property_types" time="0.855" /><testcase classname="tests.test_property_form_extended.TestPropertyExtendedFields" name="test_new_property_categories" time="0.547" /><testcase classname="tests.test_property_form_extended.TestPropertyExtendedFields" name="test_update_property_extended_fields" time="0.493" /><testcase classname="tests.test_property_form_extended.TestPropertyExtendedFields" name="test_price_conversion_in_response" time="0.440" /><testcase classname="tests.test_property_form_extended.TestPropertyFormValidation" name="test_missing_title_returns_422" time="0.396" /><testcase classname="tests.test_property_form_extended.TestPropertyFormValidation" name="test_missing_price_returns_422" time="0.413" /><testcase classname="tests.test_property_form_extended.TestPropertyFormValidation" name="test_invalid_type_returns_422" time="0.392" /></testsuite></testsuites>