<?xml version="1.0" encoding="utf-8"?><testsuites name="pytest tests"><testsuite name="pytest" errors="0" failures="0" skipped="0" tests="17" time="7.625" timestamp="2026-03-06T19:43:29.455922+00:00" hostname="agent-env-92399162-1115-4b94-ab4a-edd27fce465a"><testcase classname="backend.tests.test_iteration23_bugfixes.TestHealthAndLocations" name="test_locations_cities" time="0.166" /><testcase classname="backend.tests.test_iteration23_bugfixes.TestHealthAndLocations" name="test_locations_communes" time="0.119" /><testcase classname="backend.tests.test_iteration23_bugfixes.TestHealthAndLocations" name="test_locations_quartiers" time="0.224" /><testcase classname="backend.tests.test_iteration23_bugfixes.TestPriceEstimation" name="test_price_estimation_basic" time="0.114" /><testcase classname="backend.tests.test_iteration23_bugfixes.TestPriceEstimation" name="test_price_estimation_with_commune" time="0.115" /><testcase classname="backend.tests.test_iteration23_bugfixes.TestAdminNotifications" name="test_admin_notifications_count" time="0.467" /><testcase classname="backend.tests.test_iteration23_bugfixes.TestAdminNotifications" name="test_admin_notifications_list" time="0.471" /><testcase classname="backend.tests.test_iteration23_bugfixes.TestAdminPriceReferences" name="test_get_price_references" time="0.462" /><testcase classname="backend.tests.test_iteration23_bugfixes.TestAdminPriceReferences" name="test_add_and_delete_price_reference" time="0.913" /><testcase classname="backend.tests.test_iteration23_bugfixes.TestArticleFavorites" name="test_article_list" time="0.178" /><testcase classname="backend.tests.test_iteration23_bugfixes.TestArticleFavorites" name="test_save_article_toggle" time="0.893" /><testcase classname="backend.tests.test_iteration23_bugfixes.TestArticleFavorites" name="test_get_saved_articles" time="0.472" /><testcase classname="backend.tests.test_iteration23_bugfixes.TestPropertyCRUD" name="test_property_create_agent" time="0.471" /><testcase classname="backend.tests.test_iteration23_bugfixes.TestPropertyCRUD" name="test_property_edit_no_data_loss" time="0.802" /><testcase classname="backend.tests.test_iteration23_bugfixes.TestSavedFavorites" name="test_saved_properties" time="0.453" /><testcase classname="backend.tests.test_iteration23_bugfixes.TestSavedFavorites" name="test_saved_procedures" time="0.486" /><testcase classname="backend.tests.test_iteration23_bugfixes.TestCleanup" name="test_cleanup_test_properties" time="0.759" /></testsuite></testsuites>