<?xml version="1.0" encoding="utf-8"?><testsuites name="pytest tests"><testsuite name="pytest" errors="0" failures="0" skipped="0" tests="11" time="13.341" timestamp="2026-03-12T08:59:43.789767+00:00" hostname="agent-env-92399162-1115-4b94-ab4a-edd27fce465a"><testcase classname="backend.tests.test_iteration26_features.TestCloudStorageUpload" name="test_upload_image_returns_full_cloud_url" time="0.756" /><testcase classname="backend.tests.test_iteration26_features.TestCloudStorageUpload" name="test_upload_requires_authentication" time="0.111" /><testcase classname="backend.tests.test_iteration26_features.TestPropertyVerification" name="test_admin_can_verify_property" time="0.309" /><testcase classname="backend.tests.test_iteration26_features.TestPropertyVerification" name="test_agent_cannot_verify_property" time="0.427" /><testcase classname="backend.tests.test_iteration26_features.TestPropertyVerification" name="test_unauthenticated_cannot_verify" time="0.099" /><testcase classname="backend.tests.test_iteration26_features.TestPropertyVerification" name="test_verify_nonexistent_property_returns_404" time="0.103" /><testcase classname="backend.tests.test_iteration26_features.TestRateLimiting" name="test_rate_limit_returns_429" time="11.003" /><testcase classname="backend.tests.test_iteration26_features.TestProcedureDetailPage" name="test_procedure_has_steps_for_guided_view" time="0.111" /><testcase classname="backend.tests.test_iteration26_features.TestSEOMetaTags" name="test_index_html_has_og_tags" time="0.114" /><testcase classname="backend.tests.test_iteration26_features.TestPropertyWithVerificationBadge" name="test_property_detail_has_is_verified_field" time="0.101" /><testcase classname="backend.tests.test_iteration26_features.TestPropertyWithVerificationBadge" name="test_property_list_has_is_verified_field" time="0.130" /></testsuite></testsuites>