<?xml version="1.0" encoding="utf-8"?><testsuites name="pytest tests"><testsuite name="pytest" errors="0" failures="0" skipped="0" tests="11" time="3.379" timestamp="2026-04-11T07:50:13.664484+00:00" hostname="agent-env-42712703-f4c2-4899-b289-9af705d3766f"><testcase classname="backend.tests.test_auth_iter39.TestAuthEndpoints" name="test_login_success" time="0.448" /><testcase classname="backend.tests.test_auth_iter39.TestAuthEndpoints" name="test_login_sets_cookie" time="0.344" /><testcase classname="backend.tests.test_auth_iter39.TestAuthEndpoints" name="test_auth_me_with_bearer_token" time="0.436" /><testcase classname="backend.tests.test_auth_iter39.TestAuthEndpoints" name="test_auth_me_with_cookie" time="0.381" /><testcase classname="backend.tests.test_auth_iter39.TestAuthEndpoints" name="test_logout" time="0.447" /><testcase classname="backend.tests.test_auth_iter39.TestAuthEndpoints" name="test_login_invalid_credentials" time="0.342" /><testcase classname="backend.tests.test_auth_iter39.TestAuthEndpoints" name="test_protected_endpoint_without_auth" time="0.118" /><testcase classname="backend.tests.test_auth_iter39.TestArticlesEndpoint" name="test_get_articles_public" time="0.113" /><testcase classname="backend.tests.test_auth_iter39.TestArticlesEndpoint" name="test_get_my_articles_authenticated" time="0.484" /><testcase classname="backend.tests.test_auth_iter39.TestImmobilierEndpoint" name="test_get_properties_public" time="0.109" /><testcase classname="backend.tests.test_auth_iter39.TestProceduresEndpoint" name="test_get_procedures_public" time="0.105" /></testsuite></testsuites>