<?xml version="1.0" encoding="utf-8"?><testsuites name="pytest tests"><testsuite name="pytest" errors="0" failures="0" skipped="0" tests="24" time="2.548" timestamp="2026-03-06T17:51:59.764472+00:00" hostname="agent-env-3565ee92-850a-49af-b5b6-0dbabacfa780"><testcase classname="backend.tests.test_immobilier_refonte.TestPropertiesEndpoint" name="test_get_properties_returns_enriched_data" time="0.489" /><testcase classname="backend.tests.test_immobilier_refonte.TestPropertiesEndpoint" name="test_filter_by_neighborhood" time="0.087" /><testcase classname="backend.tests.test_immobilier_refonte.TestPropertiesEndpoint" name="test_filter_by_property_category" time="0.058" /><testcase classname="backend.tests.test_immobilier_refonte.TestPropertiesEndpoint" name="test_filter_by_bedrooms" time="0.056" /><testcase classname="backend.tests.test_immobilier_refonte.TestPropertiesEndpoint" name="test_get_single_property_enriched" time="0.112" /><testcase classname="backend.tests.test_immobilier_refonte.TestMapMarkers" name="test_get_map_markers" time="0.054" /><testcase classname="backend.tests.test_immobilier_refonte.TestMapMarkers" name="test_map_markers_with_filters" time="0.058" /><testcase classname="backend.tests.test_immobilier_refonte.TestNeighborhoods" name="test_get_neighborhoods" time="0.068" /><testcase classname="backend.tests.test_immobilier_refonte.TestNeighborhoods" name="test_get_neighborhoods_filtered_by_city" time="0.075" /><testcase classname="backend.tests.test_immobilier_refonte.TestHeatmap" name="test_get_heatmap_data" time="0.059" /><testcase classname="backend.tests.test_immobilier_refonte.TestPriceEstimation" name="test_price_estimation_basic" time="0.063" /><testcase classname="backend.tests.test_immobilier_refonte.TestPriceEstimation" name="test_price_estimation_with_filters" time="0.063" /><testcase classname="backend.tests.test_immobilier_refonte.TestPriceEstimation" name="test_price_estimation_requires_city" time="0.050" /><testcase classname="backend.tests.test_immobilier_refonte.TestSavedProperties" name="test_get_saved_properties_requires_auth" time="0.144" /><testcase classname="backend.tests.test_immobilier_refonte.TestSavedProperties" name="test_get_saved_properties" time="0.074" /><testcase classname="backend.tests.test_immobilier_refonte.TestSavedProperties" name="test_toggle_save_property" time="0.203" /><testcase classname="backend.tests.test_immobilier_refonte.TestSavedProperties" name="test_get_saved_property_status" time="0.064" /><testcase classname="backend.tests.test_immobilier_refonte.TestSearchAlerts" name="test_get_search_alerts_requires_auth" time="0.146" /><testcase classname="backend.tests.test_immobilier_refonte.TestSearchAlerts" name="test_create_search_alert" time="0.062" /><testcase classname="backend.tests.test_immobilier_refonte.TestSearchAlerts" name="test_get_search_alerts" time="0.076" /><testcase classname="backend.tests.test_immobilier_refonte.TestSearchAlerts" name="test_delete_search_alert" time="0.131" /><testcase classname="backend.tests.test_immobilier_refonte.TestAgentProfile" name="test_get_agent_profile" time="0.067" /><testcase classname="backend.tests.test_immobilier_refonte.TestAgentProfile" name="test_get_agent_properties" time="0.056" /><testcase classname="backend.tests.test_immobilier_refonte.TestAgentProfile" name="test_get_nonexistent_agent_returns_404" time="0.114" /></testsuite></testsuites>