<?xml version="1.0" encoding="utf-8"?><testsuites name="pytest tests"><testsuite name="pytest" errors="0" failures="0" skipped="3" tests="14" time="3.034" timestamp="2026-03-12T11:23:24.791076+00:00" hostname="agent-env-85f57ea6-e6a8-45f8-aa77-46b5bb99d25d"><testcase classname="backend.tests.test_iteration28_auth_gate_video.TestAuthGateEndpoints" name="test_procedure_detail_public_access" time="0.168" /><testcase classname="backend.tests.test_iteration28_auth_gate_video.TestAuthGateEndpoints" name="test_property_detail_public_access" time="0.113" /><testcase classname="backend.tests.test_iteration28_auth_gate_video.TestVideoURLSupport" name="test_procedure_get_returns_video_url" time="0.112" /><testcase classname="backend.tests.test_iteration28_auth_gate_video.TestVideoURLSupport" name="test_procedure_steps_have_video_url" time="0.119" /><testcase classname="backend.tests.test_iteration28_auth_gate_video.TestVideoURLSupport" name="test_procedure_steps_have_links" time="0.112" /><testcase classname="backend.tests.test_iteration28_auth_gate_video.TestVideoURLSupport" name="test_create_procedure_with_video_url" time="0.129"><skipped type="pytest.skip" message="Could not send OTP - skipping authenticated tests">/app/backend/tests/test_iteration28_auth_gate_video.py:137: Could not send OTP - skipping authenticated tests</skipped></testcase><testcase classname="backend.tests.test_iteration28_auth_gate_video.TestVideoURLSupport" name="test_create_procedure_with_step_video_and_links" time="0.123"><skipped type="pytest.skip" message="Could not send OTP - skipping authenticated tests">/app/backend/tests/test_iteration28_auth_gate_video.py:161: Could not send OTP - skipping authenticated tests</skipped></testcase><testcase classname="backend.tests.test_iteration28_auth_gate_video.TestVideoURLSupport" name="test_update_procedure_video_url" time="0.109"><skipped type="pytest.skip" message="Could not send OTP - skipping authenticated tests">/app/backend/tests/test_iteration28_auth_gate_video.py:199: Could not send OTP - skipping authenticated tests</skipped></testcase><testcase classname="backend.tests.test_iteration28_auth_gate_video.TestFileDownload" name="test_file_download_endpoint_exists" time="1.321" /><testcase classname="backend.tests.test_iteration28_auth_gate_video.TestFileDownload" name="test_file_download_returns_file_content" time="0.194" /><testcase classname="backend.tests.test_iteration28_auth_gate_video.TestFileDownload" name="test_list_procedure_files" time="0.108" /><testcase classname="backend.tests.test_iteration28_auth_gate_video.TestReferenceDataForVideo" name="test_categories_endpoint" time="0.152" /><testcase classname="backend.tests.test_iteration28_auth_gate_video.TestReferenceDataForVideo" name="test_countries_endpoint" time="0.103" /><testcase classname="backend.tests.test_iteration28_auth_gate_video.TestReferenceDataForVideo" name="test_languages_endpoint" time="0.104" /></testsuite></testsuites>