<?xml version="1.0" encoding="utf-8"?><testsuites name="pytest tests"><testsuite name="pytest" errors="0" failures="0" skipped="0" tests="17" time="8.440" timestamp="2026-02-17T23:50:05.601234+00:00" hostname="agent-env-97e665bc-dc78-47cf-a0ca-19bcbdb7a630"><testcase classname="backend.tests.test_immobilier.TestPropertiesPublic" name="test_get_properties_returns_list" time="0.235" /><testcase classname="backend.tests.test_immobilier.TestPropertiesPublic" name="test_get_properties_filter_by_type_vente" time="0.136" /><testcase classname="backend.tests.test_immobilier.TestPropertiesPublic" name="test_get_properties_filter_by_city" time="0.115" /><testcase classname="backend.tests.test_immobilier.TestPropertiesPublic" name="test_get_property_by_id" time="0.322" /><testcase classname="backend.tests.test_immobilier.TestPropertiesPublic" name="test_get_property_invalid_id_returns_404" time="0.105" /><testcase classname="backend.tests.test_immobilier.TestAgentAuthentication" name="test_login_agent" time="0.338" /><testcase classname="backend.tests.test_immobilier.TestAgentAuthentication" name="test_register_agent_role" time="0.337" /><testcase classname="backend.tests.test_immobilier.TestPropertiesWithAgent" name="test_create_property_as_agent" time="0.818" /><testcase classname="backend.tests.test_immobilier.TestPropertiesWithAgent" name="test_create_property_without_auth_fails" time="0.110" /><testcase classname="backend.tests.test_immobilier.TestPropertiesWithAgent" name="test_get_my_properties" time="0.564" /><testcase classname="backend.tests.test_immobilier.TestPayments" name="test_create_payment_generates_reference" time="1.151" /><testcase classname="backend.tests.test_immobilier.TestPayments" name="test_get_my_payments" time="0.512" /><testcase classname="backend.tests.test_immobilier.TestPayments" name="test_admin_get_all_payments" time="0.523" /><testcase classname="backend.tests.test_immobilier.TestPaymentMethods" name="test_payment_mobile_money" time="0.812" /><testcase classname="backend.tests.test_immobilier.TestPaymentMethods" name="test_payment_paycard" time="0.732" /><testcase classname="backend.tests.test_immobilier.TestPaymentMethods" name="test_payment_carte_bancaire" time="0.909" /><testcase classname="backend.tests.test_immobilier.TestPropertyViews" name="test_increment_property_view" time="0.594" /></testsuite></testsuites>