<?xml version="1.0" encoding="utf-8"?><testsuites name="pytest tests"><testsuite name="pytest" errors="0" failures="0" skipped="0" tests="8" time="3.954" timestamp="2026-04-01T06:53:37.160922+00:00" hostname="agent-env-42712703-f4c2-4899-b289-9af705d3766f"><testcase classname="backend.tests.test_iteration36_otp_bugfixes.TestRegisterNewUser" name="test_register_new_user_returns_otp_sent_true" time="1.850" /><testcase classname="backend.tests.test_iteration36_otp_bugfixes.TestRegisterExistingPendingUser" name="test_register_existing_pending_returns_200_with_new_otp" time="0.677" /><testcase classname="backend.tests.test_iteration36_otp_bugfixes.TestRegisterExistingActiveUser" name="test_register_existing_active_returns_400" time="0.056" /><testcase classname="backend.tests.test_iteration36_otp_bugfixes.TestSendOtpNotRateLimited" name="test_send_otp_multiple_times_not_blocked_by_global_limiter" time="1.065" /><testcase classname="backend.tests.test_iteration36_otp_bugfixes.TestVerifyOtpCorrectCode" name="test_verify_otp_with_known_code" time="0.135" /><testcase classname="backend.tests.test_iteration36_otp_bugfixes.TestVerifyOtpWrongCode" name="test_verify_otp_with_wrong_code" time="0.054" /><testcase classname="backend.tests.test_iteration36_otp_bugfixes.TestVerifyOtpExpiredCode" name="test_verify_otp_with_expired_code" time="0.048" /><testcase classname="backend.tests.test_iteration36_otp_bugfixes.TestCleanup" name="test_cleanup_test_users" time="0.004" /></testsuite></testsuites>