<?xml version="1.0" encoding="utf-8"?><testsuites name="pytest tests"><testsuite name="pytest" errors="0" failures="0" skipped="0" tests="24" time="5.365" timestamp="2026-03-12T08:39:31.544468+00:00" hostname="agent-env-92399162-1115-4b94-ab4a-edd27fce465a"><testcase classname="backend.tests.test_procedures_module.TestReferenceData" name="test_get_categories" time="0.175" /><testcase classname="backend.tests.test_procedures_module.TestReferenceData" name="test_get_countries" time="0.109" /><testcase classname="backend.tests.test_procedures_module.TestReferenceData" name="test_get_languages" time="0.106" /><testcase classname="backend.tests.test_procedures_module.TestReferenceData" name="test_get_complexity_levels" time="0.106" /><testcase classname="backend.tests.test_procedures_module.TestProceduresList" name="test_get_procedures_paginated" time="0.122" /><testcase classname="backend.tests.test_procedures_module.TestProceduresList" name="test_get_procedures_with_filters" time="0.116" /><testcase classname="backend.tests.test_procedures_module.TestProceduresList" name="test_get_procedures_search" time="0.106" /><testcase classname="backend.tests.test_procedures_module.TestProceduresList" name="test_get_procedures_stats_requires_admin" time="0.446" /><testcase classname="backend.tests.test_procedures_module.TestProceduresList" name="test_get_stats_unauthenticated_fails" time="0.096" /><testcase classname="backend.tests.test_procedures_module.TestProcedureCRUD" name="test_get_existing_procedure" time="0.156" /><testcase classname="backend.tests.test_procedures_module.TestProcedureCRUD" name="test_get_nonexistent_procedure_returns_404" time="0.103" /><testcase classname="backend.tests.test_procedures_module.TestProcedureCRUD" name="test_create_procedure_with_steps" time="0.104" /><testcase classname="backend.tests.test_procedures_module.TestProcedureCRUD" name="test_update_procedure_increments_version" time="0.419" /><testcase classname="backend.tests.test_procedures_module.TestProcedureCRUD" name="test_delete_procedure" time="0.335" /><testcase classname="backend.tests.test_procedures_module.TestProcedureCRUD" name="test_create_procedure_unauthenticated_fails" time="0.142" /><testcase classname="backend.tests.test_procedures_module.TestProcedureFiles" name="test_list_procedure_files" time="0.112" /><testcase classname="backend.tests.test_procedures_module.TestProcedureFiles" name="test_upload_file_to_procedure" time="0.673" /><testcase classname="backend.tests.test_procedures_module.TestProcedureFiles" name="test_download_file" time="0.394" /><testcase classname="backend.tests.test_procedures_module.TestProcedureFiles" name="test_upload_invalid_file_type_fails" time="0.326" /><testcase classname="backend.tests.test_procedures_module.TestChatActions" name="test_list_chat_actions" time="0.103" /><testcase classname="backend.tests.test_procedures_module.TestChatActions" name="test_create_chat_action" time="0.206" /><testcase classname="backend.tests.test_procedures_module.TestChatActions" name="test_update_chat_action" time="0.342" /><testcase classname="backend.tests.test_procedures_module.TestChatActions" name="test_delete_chat_action" time="0.209" /><testcase classname="backend.tests.test_procedures_module.TestCleanup" name="test_cleanup_test_procedures" time="0.246" /></testsuite></testsuites>