<?xml version="1.0" encoding="utf-8"?><testsuites name="pytest tests"><testsuite name="pytest" errors="0" failures="0" skipped="1" tests="11" time="30.307" timestamp="2026-03-03T08:43:22.939302+00:00" hostname="agent-env-f0e45db4-4526-4c32-bd93-d4dd83e0bbfc"><testcase classname="backend.tests.test_websocket_iter15.TestAuthCredentials" name="test_login_admin" time="0.439" /><testcase classname="backend.tests.test_websocket_iter15.TestAuthCredentials" name="test_login_chattest_user" time="0.410" /><testcase classname="backend.tests.test_websocket_iter15.TestAuthCredentials" name="test_login_unread_test_user" time="0.335"><skipped type="pytest.skip" message="unreadtst2_55dc@test.com user not found in DB - needs to be recreated by main agent">/app/backend/tests/test_websocket_iter15.py:93: unreadtst2_55dc@test.com user not found in DB - needs to be recreated by main agent</skipped></testcase><testcase classname="backend.tests.test_websocket_iter15.TestWebSocketRealTimeDelivery" name="test_user_b_receives_new_message_from_user_a" time="4.165" /><testcase classname="backend.tests.test_websocket_iter15.TestWebSocketRealTimeDelivery" name="test_unread_update_sent_to_recipient_after_message" time="2.410" /><testcase classname="backend.tests.test_websocket_iter15.TestWebSocketTypingEvents" name="test_typing_start_received_by_other_user" time="3.131" /><testcase classname="backend.tests.test_websocket_iter15.TestWebSocketTypingEvents" name="test_typing_stop_received_by_other_user" time="2.724" /><testcase classname="backend.tests.test_websocket_iter15.TestWebSocketTypingEvents" name="test_typing_not_sent_to_self" time="2.707" /><testcase classname="backend.tests.test_websocket_iter15.TestWebSocketMarkRead" name="test_mark_read_triggers_unread_update" time="2.158" /><testcase classname="backend.tests.test_websocket_iter15.TestWebSocketStatusEvents" name="test_online_status_broadcast_on_connect" time="3.395" /><testcase classname="backend.tests.test_websocket_iter15.TestWebSocketSingleConnection" name="test_backend_handles_multiple_connections_for_same_user" time="8.330" /></testsuite></testsuites>