<?xml version="1.0" encoding="utf-8"?><testsuites name="pytest tests"><testsuite name="pytest" errors="0" failures="0" skipped="0" tests="9" time="3.434" timestamp="2026-04-11T05:25:18.549247+00:00" hostname="agent-env-42712703-f4c2-4899-b289-9af705d3766f"><testcase classname="backend.tests.test_cookie_auth_migration.TestCookieAuthMigration" name="test_login_sets_httponly_cookie" time="0.446" /><testcase classname="backend.tests.test_cookie_auth_migration.TestCookieAuthMigration" name="test_auth_me_works_with_cookie" time="0.395" /><testcase classname="backend.tests.test_cookie_auth_migration.TestCookieAuthMigration" name="test_logout_clears_cookie" time="0.480" /><testcase classname="backend.tests.test_cookie_auth_migration.TestCookieAuthMigration" name="test_auth_me_fails_after_logout" time="0.428" /><testcase classname="backend.tests.test_cookie_auth_migration.TestCookieAuthMigration" name="test_bearer_token_fallback" time="0.438" /><testcase classname="backend.tests.test_cookie_auth_migration.TestCookieAuthMigration" name="test_protected_endpoint_with_cookie" time="0.397" /><testcase classname="backend.tests.test_cookie_auth_migration.TestCookieAuthMigration" name="test_unauthenticated_access_denied" time="0.123" /><testcase classname="backend.tests.test_cookie_auth_migration.TestCookieSecurityAttributes" name="test_cookie_has_correct_path" time="0.332" /><testcase classname="backend.tests.test_cookie_auth_migration.TestCookieSecurityAttributes" name="test_cookie_max_age" time="0.332" /></testsuite></testsuites>