<?xml version="1.0" encoding="utf-8"?><testsuites name="pytest tests"><testsuite name="pytest" errors="0" failures="0" skipped="0" tests="11" time="3.266" timestamp="2026-03-06T18:22:07.248683+00:00" hostname="agent-env-3565ee92-850a-49af-b5b6-0dbabacfa780"><testcase classname="backend.tests.test_iteration22_bugfixes.TestPropertyCreationCleanPayload" name="test_create_property_clean_payload" time="0.644" /><testcase classname="backend.tests.test_iteration22_bugfixes.TestPropertyCreationCleanPayload" name="test_create_property_requires_agent_role" time="0.447" /><testcase classname="backend.tests.test_iteration22_bugfixes.TestPropertyCreationCleanPayload" name="test_create_property_without_auth" time="0.107" /><testcase classname="backend.tests.test_iteration22_bugfixes.TestPropertyUpdateCleanPayload" name="test_update_property_clean_payload" time="0.259" /><testcase classname="backend.tests.test_iteration22_bugfixes.TestSavedProcedures" name="test_saved_procedures_requires_auth" time="0.266" /><testcase classname="backend.tests.test_iteration22_bugfixes.TestSavedProcedures" name="test_saved_procedures_toggle_and_status" time="0.431" /><testcase classname="backend.tests.test_iteration22_bugfixes.TestSavedProcedures" name="test_get_saved_procedures_list" time="0.108" /><testcase classname="backend.tests.test_iteration22_bugfixes.TestSavedProcedures" name="test_toggle_nonexistent_procedure" time="0.134" /><testcase classname="backend.tests.test_iteration22_bugfixes.TestSavedProperties" name="test_saved_properties_toggle_and_status" time="0.387" /><testcase classname="backend.tests.test_iteration22_bugfixes.TestPropertiesEndpoint" name="test_get_properties_list" time="0.127" /><testcase classname="backend.tests.test_iteration22_bugfixes.TestPropertiesEndpoint" name="test_get_properties_with_filters" time="0.140" /></testsuite></testsuites>