<?xml version="1.0" encoding="utf-8"?><testsuites name="pytest tests"><testsuite name="pytest" errors="0" failures="0" skipped="0" tests="12" time="6.632" timestamp="2026-03-12T20:38:27.756420+00:00" hostname="agent-env-85f57ea6-e6a8-45f8-aa77-46b5bb99d25d"><testcase classname="backend.tests.test_iteration30_special_chars.TestSanitizeFunction" name="test_sanitize_preserves_french_accents" time="0.626" /><testcase classname="backend.tests.test_iteration30_special_chars.TestSanitizeFunction" name="test_sanitize_preserves_apostrophes" time="0.765" /><testcase classname="backend.tests.test_iteration30_special_chars.TestSanitizeFunction" name="test_sanitize_preserves_french_quotes" time="0.728" /><testcase classname="backend.tests.test_iteration30_special_chars.TestSanitizeFunction" name="test_sanitize_preserves_ampersand" time="0.600" /><testcase classname="backend.tests.test_iteration30_special_chars.TestSanitizeFunction" name="test_sanitize_strips_html_tags" time="0.712" /><testcase classname="backend.tests.test_iteration30_special_chars.TestAdminNotifications" name="test_notifications_endpoint_returns_200" time="0.492" /><testcase classname="backend.tests.test_iteration30_special_chars.TestAdminNotifications" name="test_notifications_with_empty_status_filter" time="0.517" /><testcase classname="backend.tests.test_iteration30_special_chars.TestAdminNotifications" name="test_notifications_with_pending_status" time="0.529" /><testcase classname="backend.tests.test_iteration30_special_chars.TestAdminNotifications" name="test_notifications_with_approved_status" time="0.760" /><testcase classname="backend.tests.test_iteration30_special_chars.TestAdminNotifications" name="test_notifications_with_rejected_status" time="0.485" /><testcase classname="backend.tests.test_iteration30_special_chars.TestExistingArticleDisplay" name="test_existing_article_no_html_entities" time="0.146" /><testcase classname="backend.tests.test_iteration30_special_chars.TestHomepageArticles" name="test_homepage_articles_no_entities" time="0.198" /></testsuite></testsuites>