<?xml version="1.0" encoding="utf-8"?><testsuites name="pytest tests"><testsuite name="pytest" errors="0" failures="0" skipped="0" tests="22" time="9.201" timestamp="2026-03-03T08:14:35.283429+00:00" hostname="agent-env-f0e45db4-4526-4c32-bd93-d4dd83e0bbfc"><testcase classname="backend.tests.test_messaging_system.TestAuthForMessaging" name="test_login_admin_returns_token" time="0.394" /><testcase classname="backend.tests.test_messaging_system.TestAuthForMessaging" name="test_login_invalid_returns_401" time="0.337" /><testcase classname="backend.tests.test_messaging_system.TestConversationsAPI" name="test_get_conversations_immobilier" time="0.465" /><testcase classname="backend.tests.test_messaging_system.TestConversationsAPI" name="test_get_conversations_procedures" time="0.103" /><testcase classname="backend.tests.test_messaging_system.TestConversationsAPI" name="test_get_conversations_requires_auth" time="0.105" /><testcase classname="backend.tests.test_messaging_system.TestConversationsAPI" name="test_get_unread_count" time="0.147" /><testcase classname="backend.tests.test_messaging_system.TestConversationsAPI" name="test_get_unread_count_by_type_immobilier" time="0.138" /><testcase classname="backend.tests.test_messaging_system.TestConversationsAPI" name="test_get_unread_count_by_type_procedures" time="0.136" /><testcase classname="backend.tests.test_messaging_system.TestConversationsAPI" name="test_create_conversation_between_users" time="0.468" /><testcase classname="backend.tests.test_messaging_system.TestConversationsAPI" name="test_create_conversation_idempotent" time="0.206" /><testcase classname="backend.tests.test_messaging_system.TestConversationsAPI" name="test_cannot_create_conversation_with_self" time="0.114" /><testcase classname="backend.tests.test_messaging_system.TestConversationsAPI" name="test_create_conversation_with_property" time="0.205" /><testcase classname="backend.tests.test_messaging_system.TestMessagesAPI" name="test_get_messages_for_conversation" time="0.856" /><testcase classname="backend.tests.test_messaging_system.TestMessagesAPI" name="test_get_messages_unauthorized_user_blocked" time="0.493" /><testcase classname="backend.tests.test_messaging_system.TestMessagesAPI" name="test_get_messages_nonexistent_conversation" time="0.104" /><testcase classname="backend.tests.test_messaging_system.TestUserOnlineStatus" name="test_online_status_returns_correct_structure" time="0.430" /><testcase classname="backend.tests.test_messaging_system.TestUserOnlineStatus" name="test_online_status_no_auth_required" time="0.103" /><testcase classname="backend.tests.test_messaging_system.TestUserOnlineStatus" name="test_online_status_for_offline_user_has_last_seen" time="0.460" /><testcase classname="backend.tests.test_messaging_system.TestWebSocket" name="test_websocket_connection_and_unread_update" time="0.498" /><testcase classname="backend.tests.test_messaging_system.TestWebSocket" name="test_websocket_invalid_token_rejected" time="0.134" /><testcase classname="backend.tests.test_messaging_system.TestWebSocket" name="test_websocket_no_token_rejected" time="0.136" /><testcase classname="backend.tests.test_messaging_system.TestWebSocket" name="test_websocket_send_message_via_ws" time="3.113" /></testsuite></testsuites>