<?xml version="1.0" encoding="utf-8"?><testsuites name="pytest tests"><testsuite name="pytest" errors="0" failures="0" skipped="0" tests="18" time="6.605" timestamp="2026-03-04T07:09:17.314553+00:00" hostname="agent-env-2b467cd8-730a-4d83-8d01-c48918b1e4af"><testcase classname="backend.tests.test_iteration19_new_features.TestMapMarkersEndpoint" name="test_map_markers_endpoint_returns_200" time="0.146" /><testcase classname="backend.tests.test_iteration19_new_features.TestMapMarkersEndpoint" name="test_map_markers_filter_by_type" time="0.316" /><testcase classname="backend.tests.test_iteration19_new_features.TestMapMarkersEndpoint" name="test_map_markers_filter_by_status" time="0.116" /><testcase classname="backend.tests.test_iteration19_new_features.TestMapMarkersEndpoint" name="test_map_markers_filter_by_city" time="0.109" /><testcase classname="backend.tests.test_iteration19_new_features.TestMapMarkersEndpoint" name="test_map_markers_filter_by_price_range" time="0.101" /><testcase classname="backend.tests.test_iteration19_new_features.TestMapMarkersEndpoint" name="test_map_markers_have_required_fields" time="0.105" /><testcase classname="backend.tests.test_iteration19_new_features.TestViewCountEndpoints" name="test_property_view_endpoint" time="1.898" /><testcase classname="backend.tests.test_iteration19_new_features.TestViewCountEndpoints" name="test_article_view_increments_on_get" time="0.207" /><testcase classname="backend.tests.test_iteration19_new_features.TestLikeCountEndpoints" name="test_property_like_toggle" time="1.510" /><testcase classname="backend.tests.test_iteration19_new_features.TestLikeCountEndpoints" name="test_article_like_toggle" time="0.334" /><testcase classname="backend.tests.test_iteration19_new_features.TestLikeCountEndpoints" name="test_like_requires_auth" time="0.198" /><testcase classname="backend.tests.test_iteration19_new_features.TestRoleBasedAccess" name="test_auteur_cannot_create_property" time="0.117" /><testcase classname="backend.tests.test_iteration19_new_features.TestRoleBasedAccess" name="test_agent_cannot_create_article" time="0.102" /><testcase classname="backend.tests.test_iteration19_new_features.TestRoleBasedAccess" name="test_auteur_can_create_article" time="0.108" /><testcase classname="backend.tests.test_iteration19_new_features.TestRoleBasedAccess" name="test_agent_can_create_property" time="0.109" /><testcase classname="backend.tests.test_iteration19_new_features.TestContentBroadcast" name="test_article_creation_returns_complete_data" time="0.106" /><testcase classname="backend.tests.test_iteration19_new_features.TestContentBroadcast" name="test_property_creation_returns_complete_data" time="0.102" /><testcase classname="backend.tests.test_iteration19_new_features.TestCleanup" name="test_cleanup_test_data" time="0.860" /></testsuite></testsuites>