<?xml version="1.0" encoding="utf-8"?><testsuites name="pytest tests"><testsuite name="pytest" errors="0" failures="0" skipped="1" tests="24" time="6.962" timestamp="2026-02-18T03:19:07.469125+00:00" hostname="agent-env-9ddc3656-d153-4171-bce3-29173a23be42"><testcase classname="tests.test_admin_database.TestAdminStats" name="test_admin_stats_with_admin_token" time="0.567" /><testcase classname="tests.test_admin_database.TestAdminStats" name="test_admin_stats_denied_for_non_admin" time="0.454" /><testcase classname="tests.test_admin_database.TestAdminStats" name="test_admin_stats_denied_for_auteur" time="0.354"><skipped type="pytest.skip" message="Auteur login failed">/app/backend/tests/test_admin_database.py:105: Auteur login failed</skipped></testcase><testcase classname="tests.test_admin_database.TestAdminUsers" name="test_get_users_paginated" time="0.132" /><testcase classname="tests.test_admin_database.TestAdminUsers" name="test_get_users_with_search" time="0.146" /><testcase classname="tests.test_admin_database.TestAdminUsers" name="test_get_users_filter_by_role" time="0.116" /><testcase classname="tests.test_admin_database.TestAdminUsers" name="test_update_user_status_suspend" time="0.744" /><testcase classname="tests.test_admin_database.TestAdminUsers" name="test_cannot_modify_own_status" time="0.350" /><testcase classname="tests.test_admin_database.TestAdminArticles" name="test_get_articles_paginated" time="0.132" /><testcase classname="tests.test_admin_database.TestAdminArticles" name="test_get_articles_filter_by_category" time="0.134" /><testcase classname="tests.test_admin_database.TestAdminProperties" name="test_get_properties_paginated" time="0.119" /><testcase classname="tests.test_admin_database.TestAdminProperties" name="test_update_property_status" time="0.401" /><testcase classname="tests.test_admin_database.TestAdminPayments" name="test_get_payments_paginated" time="0.118" /><testcase classname="tests.test_admin_database.TestAdminPayments" name="test_filter_payments_by_status" time="0.110" /><testcase classname="tests.test_admin_database.TestAdminPayments" name="test_filter_payments_by_method" time="0.118" /><testcase classname="tests.test_admin_database.TestCSVExports" name="test_export_users_csv" time="0.112" /><testcase classname="tests.test_admin_database.TestCSVExports" name="test_export_articles_csv" time="0.114" /><testcase classname="tests.test_admin_database.TestCSVExports" name="test_export_properties_csv" time="0.117" /><testcase classname="tests.test_admin_database.TestCSVExports" name="test_export_payments_csv" time="0.147" /><testcase classname="tests.test_admin_database.TestCSVExports" name="test_export_denied_for_non_admin" time="0.133" /><testcase classname="tests.test_admin_database.TestAdminDelete" name="test_delete_user_and_related_data" time="0.710" /><testcase classname="tests.test_admin_database.TestAdminDelete" name="test_cannot_delete_self" time="0.560" /><testcase classname="tests.test_admin_database.TestUserRoleUpdate" name="test_update_user_role" time="0.687" /><testcase classname="tests.test_admin_database.TestUserRoleUpdate" name="test_invalid_role_rejected" time="0.233" /></testsuite></testsuites>