<?xml version="1.0" encoding="utf-8"?><testsuites name="pytest tests"><testsuite name="pytest" errors="0" failures="0" skipped="0" tests="14" time="6.678" timestamp="2026-03-04T06:16:24.448568+00:00" hostname="agent-env-2b467cd8-730a-4d83-8d01-c48918b1e4af"><testcase classname="backend.tests.test_iteration18.TestGlobalSearch" name="test_search_endpoint_exists" time="0.204" /><testcase classname="backend.tests.test_iteration18.TestGlobalSearch" name="test_search_with_empty_query" time="0.105" /><testcase classname="backend.tests.test_iteration18.TestGlobalSearch" name="test_search_with_valid_query" time="0.152" /><testcase classname="backend.tests.test_iteration18.TestRoleBasedAccess" name="test_auteur_cannot_create_property" time="1.882" /><testcase classname="backend.tests.test_iteration18.TestRoleBasedAccess" name="test_agent_cannot_create_article" time="1.305" /><testcase classname="backend.tests.test_iteration18.TestRoleBasedAccess" name="test_auteur_can_create_article" time="0.237" /><testcase classname="backend.tests.test_iteration18.TestRoleBasedAccess" name="test_agent_can_create_property" time="0.269" /><testcase classname="backend.tests.test_iteration18.TestAdminDashboard" name="test_admin_notifications_endpoint" time="0.117" /><testcase classname="backend.tests.test_iteration18.TestAdminDashboard" name="test_admin_notification_count" time="0.103" /><testcase classname="backend.tests.test_iteration18.TestAdminDashboard" name="test_admin_stats" time="0.121" /><testcase classname="backend.tests.test_iteration18.TestAdminDashboard" name="test_export_role_requests_csv" time="0.110" /><testcase classname="backend.tests.test_iteration18.TestNewRoleRequestNotification" name="test_registration_creates_admin_notification" time="1.443" /><testcase classname="backend.tests.test_iteration18.TestContentBroadcast" name="test_article_creation_structure" time="0.239" /><testcase classname="backend.tests.test_iteration18.TestContentBroadcast" name="test_property_creation_structure" time="0.206" /></testsuite></testsuites>