<?xml version="1.0" encoding="utf-8"?><testsuites name="pytest tests"><testsuite name="pytest" errors="0" failures="0" skipped="0" tests="12" time="4.778" timestamp="2026-02-18T00:42:43.955031+00:00" hostname="agent-env-9ddc3656-d153-4171-bce3-29173a23be42"><testcase classname="backend.tests.test_responsive_upload.TestHealthAndAPI" name="test_api_root_accessible" time="0.303" /><testcase classname="backend.tests.test_responsive_upload.TestHealthAndAPI" name="test_categories_endpoint" time="0.155" /><testcase classname="backend.tests.test_responsive_upload.TestAuthentication" name="test_login_admin" time="0.347" /><testcase classname="backend.tests.test_responsive_upload.TestUploadAPI" name="test_upload_jpg_image_success" time="0.486" /><testcase classname="backend.tests.test_responsive_upload.TestUploadAPI" name="test_upload_png_image_success" time="0.467" /><testcase classname="backend.tests.test_responsive_upload.TestUploadAPI" name="test_upload_webp_image_success" time="0.526" /><testcase classname="backend.tests.test_responsive_upload.TestUploadAPI" name="test_upload_invalid_type_rejected" time="0.528" /><testcase classname="backend.tests.test_responsive_upload.TestUploadAPI" name="test_upload_without_auth_returns_403" time="0.116" /><testcase classname="backend.tests.test_responsive_upload.TestMediaServing" name="test_uploaded_media_is_accessible" time="0.620" /><testcase classname="backend.tests.test_responsive_upload.TestArticlesWithUpload" name="test_create_article_with_uploaded_cover" time="0.826" /><testcase classname="backend.tests.test_responsive_upload.TestPropertiesAPI" name="test_get_properties_public" time="0.178" /><testcase classname="backend.tests.test_responsive_upload.TestPropertiesAPI" name="test_filter_properties_by_type" time="0.108" /></testsuite></testsuites>