<?xml version="1.0" encoding="utf-8"?><testsuites name="pytest tests"><testsuite name="pytest" errors="0" failures="0" skipped="0" tests="15" time="3.719" timestamp="2026-03-03T06:44:55.959097+00:00" hostname="agent-env-6a902333-8620-4d7c-9825-a3a0a5a795f9"><testcase classname="backend.tests.test_iteration12_features.TestAPIHealth" name="test_api_root" time="0.220" /><testcase classname="backend.tests.test_iteration12_features.TestUserNotifications" name="test_get_my_notifications_authenticated" time="0.464" /><testcase classname="backend.tests.test_iteration12_features.TestUserNotifications" name="test_get_my_notifications_unauthenticated" time="0.099" /><testcase classname="backend.tests.test_iteration12_features.TestUserNotifications" name="test_mark_all_notifications_read" time="0.224" /><testcase classname="backend.tests.test_iteration12_features.TestAdminNotificationMarkSeen" name="test_admin_mark_seen" time="0.478" /><testcase classname="backend.tests.test_iteration12_features.TestAdminNotificationMarkSeen" name="test_admin_notification_count_after_mark_seen" time="0.209" /><testcase classname="backend.tests.test_iteration12_features.TestAdminDeleteOtherUsersContent" name="test_admin_can_list_all_articles" time="0.108" /><testcase classname="backend.tests.test_iteration12_features.TestAdminDeleteOtherUsersContent" name="test_admin_can_list_all_properties" time="0.113" /><testcase classname="backend.tests.test_iteration12_features.TestAdminDeleteOtherUsersContent" name="test_admin_delete_article_endpoint_exists" time="0.106" /><testcase classname="backend.tests.test_iteration12_features.TestAdminDeleteOtherUsersContent" name="test_admin_delete_property_endpoint_exists" time="0.097" /><testcase classname="backend.tests.test_iteration12_features.TestAdminDeleteOtherUsersContent" name="test_regular_article_delete_allows_admin" time="0.102" /><testcase classname="backend.tests.test_iteration12_features.TestAdminDeleteOtherUsersContent" name="test_regular_property_delete_allows_admin" time="0.102" /><testcase classname="backend.tests.test_iteration12_features.TestRoleApprovalWithMatrixNewsText" name="test_register_with_auteur_role_message" time="0.865" /><testcase classname="backend.tests.test_iteration12_features.TestNotificationContent" name="test_user_notifications_contain_matrixnews_text" time="0.107" /><testcase classname="backend.tests.test_iteration12_features.TestBellBadgeSeenField" name="test_notification_count_uses_unseen" time="0.309" /></testsuite></testsuites>