<?xml version="1.0" encoding="utf-8"?><testsuites name="pytest tests"><testsuite name="pytest" errors="0" failures="2" skipped="0" tests="8" time="2.553" timestamp="2026-04-01T03:43:41.973474+00:00" hostname="agent-env-42712703-f4c2-4899-b289-9af705d3766f"><testcase classname="backend.tests.test_fiches_pdf_premium.TestCompanySettings" name="test_get_company_settings" time="0.563" /><testcase classname="backend.tests.test_fiches_pdf_premium.TestCompanySettings" name="test_update_company_settings_logo" time="0.146" /><testcase classname="backend.tests.test_fiches_pdf_premium.TestFichesCRUD" name="test_create_fiche_with_step_currencies" time="0.126"><failure message="assert None == 'GNF'&#10; +  where None = &lt;built-in method get of dict object at 0xfc4178b09280&gt;('fees_currency')&#10; +    where &lt;built-in method get of dict object at 0xfc4178b09280&gt; = {'description': 'Deposer le dossier complet au consulat', 'documents': [{'name': 'Passeport valide', 'note': '6 mois de validite minimum', 'required': True}, {'name': &quot;Photos d'identite&quot;, 'note': 'Format 4x5', 'required': True}], 'duration': '1 jour', 'fees': 100000.0, ...}.get">backend/tests/test_fiches_pdf_premium.py:157: in test_create_fiche_with_step_currencies
    assert steps[0].get("fees_currency") == "GNF"
E   assert None == 'GNF'
E    +  where None = &lt;built-in method get of dict object at 0xfc4178b09280&gt;('fees_currency')
E    +    where &lt;built-in method get of dict object at 0xfc4178b09280&gt; = {'description': 'Deposer le dossier complet au consulat', 'documents': [{'name': 'Passeport valide', 'note': '6 mois de validite minimum', 'required': True}, {'name': "Photos d'identite", 'note': 'Format 4x5', 'required': True}], 'duration': '1 jour', 'fees': 100000.0, ...}.get</failure></testcase><testcase classname="backend.tests.test_fiches_pdf_premium.TestFichesCRUD" name="test_get_fiche_returns_step_currencies" time="0.124"><failure message="assert None == 'GNF'&#10; +  where None = &lt;built-in method get of dict object at 0xfc4178b098c0&gt;('fees_currency')&#10; +    where &lt;built-in method get of dict object at 0xfc4178b098c0&gt; = {'description': 'Deposer le dossier complet au consulat', 'documents': [{'name': 'Passeport valide', 'note': '6 mois de validite minimum', 'required': True}, {'name': &quot;Photos d'identite&quot;, 'note': 'Format 4x5', 'required': True}], 'duration': '1 jour', 'fees': 100000.0, ...}.get">backend/tests/test_fiches_pdf_premium.py:172: in test_get_fiche_returns_step_currencies
    fiche_id = self.test_create_fiche_with_step_currencies(auth_headers)
               ^^^^^^^^^^^^^^^^^^^^^^^^^^^^^^^^^^^^^^^^^^^^^^^^^^^^^^^^^
backend/tests/test_fiches_pdf_premium.py:157: in test_create_fiche_with_step_currencies
    assert steps[0].get("fees_currency") == "GNF"
E   assert None == 'GNF'
E    +  where None = &lt;built-in method get of dict object at 0xfc4178b098c0&gt;('fees_currency')
E    +    where &lt;built-in method get of dict object at 0xfc4178b098c0&gt; = {'description': 'Deposer le dossier complet au consulat', 'documents': [{'name': 'Passeport valide', 'note': '6 mois de validite minimum', 'required': True}, {'name': "Photos d'identite", 'note': 'Format 4x5', 'required': True}], 'duration': '1 jour', 'fees': 100000.0, ...}.get</failure></testcase><testcase classname="backend.tests.test_fiches_pdf_premium.TestPDFGeneration" name="test_generate_pdf_returns_valid_pdf" time="0.598" /><testcase classname="backend.tests.test_fiches_pdf_premium.TestPDFGeneration" name="test_preview_pdf_endpoint" time="0.292" /><testcase classname="backend.tests.test_fiches_pdf_premium.TestLogoFiles" name="test_matrix_logo_accessible_frontend" time="0.197" /><testcase classname="backend.tests.test_fiches_pdf_premium.TestCleanup" name="test_cleanup_test_fiches" time="0.408" /></testsuite></testsuites>