<?xml version="1.0" encoding="utf-8"?><testsuites name="pytest tests"><testsuite name="pytest" errors="0" failures="0" skipped="1" tests="21" time="7.879" timestamp="2026-03-03T07:31:06.728467+00:00" hostname="agent-env-6a902333-8620-4d7c-9825-a3a0a5a795f9"><testcase classname="tests.test_iteration13_refactored_backend.TestRootAndHealth" name="test_api_root_returns_v3" time="0.238" /><testcase classname="tests.test_iteration13_refactored_backend.TestAuthEndpoints" name="test_login_with_admin" time="0.395" /><testcase classname="tests.test_iteration13_refactored_backend.TestAuthEndpoints" name="test_register_new_visiteur" time="0.346" /><testcase classname="tests.test_iteration13_refactored_backend.TestAuthEndpoints" name="test_register_auteur_requires_approval" time="0.385" /><testcase classname="tests.test_iteration13_refactored_backend.TestAuthEndpoints" name="test_login_invalid_credentials" time="0.401" /><testcase classname="tests.test_iteration13_refactored_backend.TestArticlesEndpoints" name="test_get_articles_paginated" time="0.113" /><testcase classname="tests.test_iteration13_refactored_backend.TestArticlesEndpoints" name="test_get_categories" time="0.097" /><testcase classname="tests.test_iteration13_refactored_backend.TestPropertiesEndpoints" name="test_get_properties_paginated" time="0.115" /><testcase classname="tests.test_iteration13_refactored_backend.TestPropertiesEndpoints" name="test_get_single_property" time="0.251" /><testcase classname="tests.test_iteration13_refactored_backend.TestProceduresEndpoints" name="test_get_procedures_paginated" time="0.125" /><testcase classname="tests.test_iteration13_refactored_backend.TestProceduresEndpoints" name="test_get_procedures_subcategories" time="0.099" /><testcase classname="tests.test_iteration13_refactored_backend.TestAdminEndpoints" name="test_admin_stats" time="0.456" /><testcase classname="tests.test_iteration13_refactored_backend.TestAdminEndpoints" name="test_admin_notifications_count" time="0.466" /><testcase classname="tests.test_iteration13_refactored_backend.TestAdminEndpoints" name="test_admin_notifications_list" time="0.451" /><testcase classname="tests.test_iteration13_refactored_backend.TestAdminEndpoints" name="test_admin_users_list" time="0.519" /><testcase classname="tests.test_iteration13_refactored_backend.TestMessagingEndpoints" name="test_get_conversations_empty" time="0.458" /><testcase classname="tests.test_iteration13_refactored_backend.TestMessagingEndpoints" name="test_get_unread_count" time="0.495" /><testcase classname="tests.test_iteration13_refactored_backend.TestMessagingEndpoints" name="test_get_unread_count_by_type" time="0.571" /><testcase classname="tests.test_iteration13_refactored_backend.TestConversationCreation" name="test_create_conversation" time="0.904" /><testcase classname="tests.test_iteration13_refactored_backend.TestUserOnlineStatus" name="test_check_user_online" time="0.457" /><testcase classname="tests.test_iteration13_refactored_backend.TestUserNotifications" name="test_get_my_notifications" time="0.380"><skipped type="pytest.skip" message="No user with notifications available">/app/backend/tests/test_iteration13_refactored_backend.py:364: No user with notifications available</skipped></testcase></testsuite></testsuites>