<?xml version="1.0" encoding="utf-8"?><testsuites name="pytest tests"><testsuite name="pytest" errors="0" failures="0" skipped="1" tests="19" time="4.846" timestamp="2026-03-06T17:31:28.188760+00:00" hostname="agent-env-3565ee92-850a-49af-b5b6-0dbabacfa780"><testcase classname="backend.tests.test_iteration20_newsroom.TestMyArticlesEndpoint" name="test_my_articles_returns_list" time="0.487" /><testcase classname="backend.tests.test_iteration20_newsroom.TestMyArticlesEndpoint" name="test_my_articles_requires_auth" time="0.157" /><testcase classname="backend.tests.test_iteration20_newsroom.TestMyArticlesStatsEndpoint" name="test_stats_returns_correct_fields" time="0.115" /><testcase classname="backend.tests.test_iteration20_newsroom.TestMyArticlesStatsEndpoint" name="test_stats_requires_auth" time="0.140" /><testcase classname="backend.tests.test_iteration20_newsroom.TestArticleCreation" name="test_create_draft_article_with_blocks" time="0.239" /><testcase classname="backend.tests.test_iteration20_newsroom.TestArticleCreation" name="test_create_published_article_broadcasts" time="0.288" /><testcase classname="backend.tests.test_iteration20_newsroom.TestArticleCreation" name="test_create_article_with_seo_fields" time="0.220" /><testcase classname="backend.tests.test_iteration20_newsroom.TestArticleCreation" name="test_create_article_with_breaking_news" time="0.321" /><testcase classname="backend.tests.test_iteration20_newsroom.TestArticleUpdate" name="test_update_article_blocks" time="0.258" /><testcase classname="backend.tests.test_iteration20_newsroom.TestArticleUpdate" name="test_update_article_seo" time="0.121" /><testcase classname="backend.tests.test_iteration20_newsroom.TestArticleUpdate" name="test_update_article_status_to_published" time="0.379" /><testcase classname="backend.tests.test_iteration20_newsroom.TestAutosaveEndpoint" name="test_autosave_returns_ok_and_saved_at" time="0.139" /><testcase classname="backend.tests.test_iteration20_newsroom.TestAutosaveEndpoint" name="test_autosave_does_not_change_status" time="0.472" /><testcase classname="backend.tests.test_iteration20_newsroom.TestArticleGet" name="test_get_article_returns_full_data" time="0.151" /><testcase classname="backend.tests.test_iteration20_newsroom.TestArticleGet" name="test_get_article_increments_views" time="0.265" /><testcase classname="backend.tests.test_iteration20_newsroom.TestRoleAccess" name="test_auteur_cannot_post_properties" time="0.115"><skipped type="pytest.skip" message="Could not create test auteur">/app/backend/tests/test_iteration20_newsroom.py:382: Could not create test auteur</skipped></testcase><testcase classname="backend.tests.test_iteration20_newsroom.TestBlockTypes" name="test_all_block_types" time="0.224" /><testcase classname="backend.tests.test_iteration20_newsroom.TestScheduledArticles" name="test_create_scheduled_article" time="0.248" /><testcase classname="backend.tests.test_iteration20_newsroom.TestWordCountAndReadingTime" name="test_word_count_computed_from_blocks" time="0.412" /></testsuite></testsuites>