<?xml version="1.0" encoding="utf-8"?><testsuites name="pytest tests"><testsuite name="pytest" errors="0" failures="0" skipped="0" tests="7" time="2.427" timestamp="2026-03-06T18:45:06.214984+00:00" hostname="agent-env-3565ee92-850a-49af-b5b6-0dbabacfa780"><testcase classname="backend.tests.test_iteration23_bugfixes.TestAuthentication" name="test_agent_login" time="0.389" /><testcase classname="backend.tests.test_iteration23_bugfixes.TestPropertyCreationBugFixes" name="test_property_creation_with_zero_values" time="0.643" /><testcase classname="backend.tests.test_iteration23_bugfixes.TestPropertyCreationBugFixes" name="test_property_creation_with_short_phone" time="0.265" /><testcase classname="backend.tests.test_iteration23_bugfixes.TestPropertyCreationBugFixes" name="test_property_creation_with_short_description" time="0.243" /><testcase classname="backend.tests.test_iteration23_bugfixes.TestPropertyCreationBugFixes" name="test_property_creation_validation_error_format" time="0.149" /><testcase classname="backend.tests.test_iteration23_bugfixes.TestPropertyListingAndFilters" name="test_get_properties_list" time="0.152" /><testcase classname="backend.tests.test_iteration23_bugfixes.TestCleanup" name="test_cleanup_test_properties" time="0.516" /></testsuite></testsuites>