<?xml version="1.0" encoding="utf-8"?><testsuites name="pytest tests"><testsuite name="pytest" errors="0" failures="0" skipped="0" tests="10" time="13.467" timestamp="2026-04-01T06:11:56.269117+00:00" hostname="agent-env-42712703-f4c2-4899-b289-9af705d3766f"><testcase classname="backend.tests.test_otp_registration_flow.TestOTPRegistrationFlow" name="test_register_returns_otp_sent_true" time="1.233" /><testcase classname="backend.tests.test_otp_registration_flow.TestOTPRegistrationFlow" name="test_register_duplicate_pending_verification" time="1.032" /><testcase classname="backend.tests.test_otp_registration_flow.TestOTPRegistrationFlow" name="test_send_otp_for_resend" time="1.236" /><testcase classname="backend.tests.test_otp_registration_flow.TestOTPRegistrationFlow" name="test_send_otp_nonexistent_email" time="0.577" /><testcase classname="backend.tests.test_otp_registration_flow.TestOTPRegistrationFlow" name="test_verify_otp_wrong_code" time="3.190" /><testcase classname="backend.tests.test_otp_registration_flow.TestOTPRegistrationFlow" name="test_verify_otp_no_code_sent" time="0.552" /><testcase classname="backend.tests.test_otp_registration_flow.TestOTPRegistrationFlow" name="test_login_pending_verification_returns_403" time="1.279" /><testcase classname="backend.tests.test_otp_registration_flow.TestOTPRegistrationFlow" name="test_admin_login_works" time="2.044" /><testcase classname="backend.tests.test_otp_registration_flow.TestOTPRegistrationFlow" name="test_register_admin_role_forbidden" time="0.532" /><testcase classname="backend.tests.test_otp_registration_flow.TestOTPRateLimiting" name="test_send_otp_rate_limit" time="1.674" /></testsuite></testsuites>