<?xml version="1.0" encoding="utf-8"?><testsuites name="pytest tests"><testsuite name="pytest" errors="0" failures="0" skipped="4" tests="15" time="8.610" timestamp="2026-03-18T05:19:03.603426+00:00" hostname="agent-env-85f57ea6-e6a8-45f8-aa77-46b5bb99d25d"><testcase classname="backend.tests.test_otp_verification_system.TestAuthRegister" name="test_register_creates_pending_verification_user" time="0.408" /><testcase classname="backend.tests.test_otp_verification_system.TestAuthRegister" name="test_register_rejects_duplicate_email" time="0.494" /><testcase classname="backend.tests.test_otp_verification_system.TestAuthRegister" name="test_register_rejects_admin_role" time="0.111" /><testcase classname="backend.tests.test_otp_verification_system.TestAuthRegister" name="test_register_agent_sets_eligible_trusted_badge" time="0.347" /><testcase classname="backend.tests.test_otp_verification_system.TestAuthSendOTP" name="test_send_otp_returns_dev_otp" time="0.691" /><testcase classname="backend.tests.test_otp_verification_system.TestAuthSendOTP" name="test_send_otp_rate_limit" time="2.452" /><testcase classname="backend.tests.test_otp_verification_system.TestAuthVerifyOTP" name="test_verify_otp_wrong_code_decrements_attempts" time="0.789" /><testcase classname="backend.tests.test_otp_verification_system.TestAuthVerifyOTP" name="test_verify_otp_correct_code_activates_account" time="0.708" /><testcase classname="backend.tests.test_otp_verification_system.TestAuthVerifyOTP" name="test_verify_otp_max_attempts_returns_429" time="1.127" /><testcase classname="backend.tests.test_otp_verification_system.TestAuthLogin" name="test_login_rejects_pending_verification" time="0.677" /><testcase classname="backend.tests.test_otp_verification_system.TestAuthLogin" name="test_login_succeeds_for_verified_user" time="0.320" /><testcase classname="backend.tests.test_otp_verification_system.TestAdminStats" name="test_admin_stats_returns_verified_unverified_counts" time="0.105"><skipped type="pytest.skip" message="Admin login failed: Internal Server Error">/app/backend/tests/test_otp_verification_system.py:339: Admin login failed: Internal Server Error</skipped></testcase><testcase classname="backend.tests.test_otp_verification_system.TestAdminUsersFilter" name="test_admin_users_filter_verified" time="0.098"><skipped type="pytest.skip" message="Admin login failed: Internal Server Error">/app/backend/tests/test_otp_verification_system.py:369: Admin login failed: Internal Server Error</skipped></testcase><testcase classname="backend.tests.test_otp_verification_system.TestAdminUsersFilter" name="test_admin_users_filter_unverified" time="0.100"><skipped type="pytest.skip" message="Admin login failed: Internal Server Error">/app/backend/tests/test_otp_verification_system.py:385: Admin login failed: Internal Server Error</skipped></testcase><testcase classname="backend.tests.test_otp_verification_system.TestCleanup" name="test_cleanup_test_users" time="0.102"><skipped type="pytest.skip" message="Admin login failed: Internal Server Error">/app/backend/tests/test_otp_verification_system.py:416: Admin login failed: Internal Server Error</skipped></testcase></testsuite></testsuites>