<?xml version="1.0" encoding="utf-8"?><testsuites name="pytest tests"><testsuite name="pytest" errors="0" failures="0" skipped="0" tests="8" time="2.673" timestamp="2026-03-03T06:04:55.416873+00:00" hostname="agent-env-6a902333-8620-4d7c-9825-a3a0a5a795f9"><testcase classname="backend.tests.test_wysiwyg_editor.TestArticleWithRichText" name="test_create_article_with_html_content" time="0.776" /><testcase classname="backend.tests.test_wysiwyg_editor.TestArticleWithRichText" name="test_update_article_html_content" time="0.479" /><testcase classname="backend.tests.test_wysiwyg_editor.TestArticleAPIEndpoints" name="test_list_articles" time="0.154" /><testcase classname="backend.tests.test_wysiwyg_editor.TestArticleAPIEndpoints" name="test_article_detail_with_html" time="0.216" /><testcase classname="backend.tests.test_wysiwyg_editor.TestPropertyWithRichText" name="test_create_property_with_html_description" time="0.308" /><testcase classname="backend.tests.test_wysiwyg_editor.TestProcedureWithRichText" name="test_get_subcategories" time="0.104" /><testcase classname="backend.tests.test_wysiwyg_editor.TestProcedureWithRichText" name="test_create_procedure_with_html_content" time="0.413" /><testcase classname="backend.tests.test_wysiwyg_editor.TestUploadEndpoint" name="test_upload_endpoint_exists" time="0.104" /></testsuite></testsuites>