<?xml version="1.0" encoding="utf-8"?><testsuites name="pytest tests"><testsuite name="pytest" errors="0" failures="0" skipped="0" tests="9" time="1.662" timestamp="2026-03-07T03:35:44.953483+00:00" hostname="agent-env-92399162-1115-4b94-ab4a-edd27fce465a"><testcase classname="backend.tests.test_geolocation_nearby.TestNearbyPropertiesAPI" name="test_nearby_properties_with_large_radius" time="0.216" /><testcase classname="backend.tests.test_geolocation_nearby.TestNearbyPropertiesAPI" name="test_nearby_properties_with_small_radius" time="0.270" /><testcase classname="backend.tests.test_geolocation_nearby.TestNearbyPropertiesAPI" name="test_nearby_properties_validates_required_params" time="0.347" /><testcase classname="backend.tests.test_geolocation_nearby.TestNearbyPropertiesAPI" name="test_nearby_properties_distance_accuracy" time="0.107" /><testcase classname="backend.tests.test_geolocation_nearby.TestNearbyPropertiesAPI" name="test_nearby_properties_with_type_filter" time="0.111" /><testcase classname="backend.tests.test_geolocation_nearby.TestNearbyPropertiesAPI" name="test_nearby_properties_default_radius" time="0.171" /><testcase classname="backend.tests.test_geolocation_nearby.TestNearbyPropertiesAPI" name="test_nearby_properties_response_includes_price_conversion" time="0.116" /><testcase classname="backend.tests.test_geolocation_nearby.TestMapMarkersAPI" name="test_map_markers_returns_data" time="0.100" /><testcase classname="backend.tests.test_geolocation_nearby.TestMapMarkersAPI" name="test_map_markers_with_type_filter" time="0.110" /></testsuite></testsuites>