<?xml version="1.0" encoding="utf-8"?><testsuites name="pytest tests"><testsuite name="pytest" errors="0" failures="0" skipped="0" tests="9" time="1.763" timestamp="2026-04-01T02:33:17.074066+00:00" hostname="agent-env-42712703-f4c2-4899-b289-9af705d3766f"><testcase classname="tests.test_fiches_restructure.TestFicheWithStepDocumentsAndFees" name="test_create_fiche_with_step_documents_and_fees" time="0.712" /><testcase classname="tests.test_fiches_restructure.TestFicheWithStepDocumentsAndFees" name="test_get_fiche_returns_step_documents_and_fees" time="0.060" /><testcase classname="tests.test_fiches_restructure.TestFicheWithStepDocumentsAndFees" name="test_update_fiche_step_documents_and_fees" time="0.060" /><testcase classname="tests.test_fiches_restructure.TestFicheWithStepDocumentsAndFees" name="test_total_fees_calculation" time="0.068" /><testcase classname="tests.test_fiches_restructure.TestPDFGeneration" name="test_generate_pdf_returns_valid_pdf" time="0.283" /><testcase classname="tests.test_fiches_restructure.TestPDFGeneration" name="test_preview_pdf_with_step_documents_and_fees" time="0.222" /><testcase classname="tests.test_fiches_restructure.TestCompanySettingsLogo" name="test_get_company_settings" time="0.055" /><testcase classname="tests.test_fiches_restructure.TestCompanySettingsLogo" name="test_update_logo_to_matrix" time="0.122" /><testcase classname="tests.test_fiches_restructure.TestCleanup" name="test_cleanup_test_fiches" time="0.112" /></testsuite></testsuites>