<?xml version="1.0" encoding="utf-8"?><testsuites name="pytest tests"><testsuite name="pytest" errors="0" failures="0" skipped="0" tests="13" time="2.825" timestamp="2026-03-12T09:48:35.459772+00:00" hostname="agent-env-92399162-1115-4b94-ab4a-edd27fce465a"><testcase classname="backend.tests.test_iteration27_admin_dashboard.TestProceduresStats" name="test_stats_returns_correct_structure" time="0.653" /><testcase classname="backend.tests.test_iteration27_admin_dashboard.TestProceduresStats" name="test_stats_requires_admin" time="0.145" /><testcase classname="backend.tests.test_iteration27_admin_dashboard.TestChatActions" name="test_list_chat_actions" time="0.112" /><testcase classname="backend.tests.test_iteration27_admin_dashboard.TestChatActions" name="test_create_chat_action" time="0.108" /><testcase classname="backend.tests.test_iteration27_admin_dashboard.TestChatActions" name="test_update_chat_action" time="0.387" /><testcase classname="backend.tests.test_iteration27_admin_dashboard.TestChatActions" name="test_delete_chat_action" time="0.244" /><testcase classname="backend.tests.test_iteration27_admin_dashboard.TestProceduresReferenceData" name="test_get_categories" time="0.105" /><testcase classname="backend.tests.test_iteration27_admin_dashboard.TestProceduresReferenceData" name="test_get_countries" time="0.122" /><testcase classname="backend.tests.test_iteration27_admin_dashboard.TestProceduresListWithFilters" name="test_list_procedures" time="0.109" /><testcase classname="backend.tests.test_iteration27_admin_dashboard.TestProceduresListWithFilters" name="test_filter_by_category" time="0.138" /><testcase classname="backend.tests.test_iteration27_admin_dashboard.TestProceduresListWithFilters" name="test_filter_by_country" time="0.151" /><testcase classname="backend.tests.test_iteration27_admin_dashboard.TestProcedureFiles" name="test_list_procedure_files" time="0.213" /><testcase classname="backend.tests.test_iteration27_admin_dashboard.TestCleanup" name="test_cleanup_test_chat_actions" time="0.239" /></testsuite></testsuites>