<?xml version="1.0" encoding="utf-8"?><testsuites name="pytest tests"><testsuite name="pytest" errors="0" failures="0" skipped="0" tests="16" time="5.023" timestamp="2026-04-01T00:13:13.259640+00:00" hostname="agent-env-42712703-f4c2-4899-b289-9af705d3766f"><testcase classname="backend.tests.test_fiches_pdf_module.TestFichesPDFModule" name="test_create_fiche_success" time="0.642" /><testcase classname="backend.tests.test_fiches_pdf_module.TestFichesPDFModule" name="test_list_fiches" time="0.163" /><testcase classname="backend.tests.test_fiches_pdf_module.TestFichesPDFModule" name="test_list_fiches_with_status_filter" time="0.153" /><testcase classname="backend.tests.test_fiches_pdf_module.TestFichesPDFModule" name="test_get_single_fiche" time="0.129" /><testcase classname="backend.tests.test_fiches_pdf_module.TestFichesPDFModule" name="test_get_nonexistent_fiche_returns_404" time="0.123" /><testcase classname="backend.tests.test_fiches_pdf_module.TestFichesPDFModule" name="test_update_fiche" time="0.276" /><testcase classname="backend.tests.test_fiches_pdf_module.TestFichesPDFModule" name="test_update_nonexistent_fiche_returns_404" time="0.107" /><testcase classname="backend.tests.test_fiches_pdf_module.TestFichesPDFModule" name="test_generate_pdf_for_saved_fiche" time="0.318" /><testcase classname="backend.tests.test_fiches_pdf_module.TestFichesPDFModule" name="test_generate_pdf_for_nonexistent_fiche_returns_404" time="0.165" /><testcase classname="backend.tests.test_fiches_pdf_module.TestFichesPDFModule" name="test_preview_pdf_without_saving" time="0.304" /><testcase classname="backend.tests.test_fiches_pdf_module.TestFichesPDFModule" name="test_get_company_settings" time="0.131" /><testcase classname="backend.tests.test_fiches_pdf_module.TestFichesPDFModule" name="test_update_company_settings" time="0.567" /><testcase classname="backend.tests.test_fiches_pdf_module.TestFichesPDFModule" name="test_fiches_endpoints_require_auth" time="1.012" /><testcase classname="backend.tests.test_fiches_pdf_module.TestFichesPDFModule" name="test_z_delete_fiche" time="0.219" /><testcase classname="backend.tests.test_fiches_pdf_module.TestFichesPDFModule" name="test_z_delete_nonexistent_fiche_returns_404" time="0.162" /><testcase classname="backend.tests.test_fiches_pdf_module.TestCleanup" name="test_cleanup_test_fiches" time="0.473" /></testsuite></testsuites>