<?xml version="1.0" encoding="utf-8"?><testsuites name="pytest tests"><testsuite name="pytest" errors="0" failures="0" skipped="0" tests="13" time="6.827" timestamp="2026-03-03T05:31:42.765310+00:00" hostname="agent-env-6a902333-8620-4d7c-9825-a3a0a5a795f9"><testcase classname="backend.tests.test_role_approval.TestRoleApprovalRegistration" name="test_register_as_visiteur_creates_active_status" time="0.377" /><testcase classname="backend.tests.test_role_approval.TestRoleApprovalRegistration" name="test_register_as_auteur_creates_pending_status" time="0.326" /><testcase classname="backend.tests.test_role_approval.TestRoleApprovalRegistration" name="test_register_as_agent_creates_pending_status" time="0.325" /><testcase classname="backend.tests.test_role_approval.TestRoleApprovalRegistration" name="test_register_as_admin_forbidden" time="0.097" /><testcase classname="backend.tests.test_role_approval.TestAdminNotificationEndpoints" name="test_get_notification_count" time="0.451" /><testcase classname="backend.tests.test_role_approval.TestAdminNotificationEndpoints" name="test_get_notifications_paginated" time="0.429" /><testcase classname="backend.tests.test_role_approval.TestAdminNotificationEndpoints" name="test_get_notifications_with_status_filter" time="0.444" /><testcase classname="backend.tests.test_role_approval.TestRoleApprovalActions" name="test_approve_role_request" time="0.970" /><testcase classname="backend.tests.test_role_approval.TestRoleApprovalActions" name="test_reject_role_request" time="1.007" /><testcase classname="backend.tests.test_role_approval.TestRoleApprovalActions" name="test_already_processed_notification_returns_400" time="1.014" /><testcase classname="backend.tests.test_role_approval.TestAccessControl" name="test_non_admin_cannot_access_notification_count" time="0.452" /><testcase classname="backend.tests.test_role_approval.TestAccessControl" name="test_non_admin_cannot_access_notifications_list" time="0.446" /><testcase classname="backend.tests.test_role_approval.TestAccessControl" name="test_non_admin_cannot_process_notifications" time="0.427" /></testsuite></testsuites>