<?xml version="1.0" encoding="utf-8"?><testsuites name="pytest tests"><testsuite name="pytest" errors="0" failures="0" skipped="0" tests="18" time="3.914" timestamp="2026-03-03T09:23:40.974063+00:00" hostname="agent-env-f0e45db4-4526-4c32-bd93-d4dd83e0bbfc"><testcase classname="backend.tests.test_iter16_otp_admin_contact.TestAdminContact" name="test_admin_contact_returns_200" time="0.193" /><testcase classname="backend.tests.test_iter16_otp_admin_contact.TestAdminContact" name="test_admin_contact_has_id_and_username" time="0.100" /><testcase classname="backend.tests.test_iter16_otp_admin_contact.TestAdminContact" name="test_admin_contact_no_auth_required" time="0.102" /><testcase classname="backend.tests.test_iter16_otp_admin_contact.TestAdminContact" name="test_admin_contact_id_matches_known_admin" time="0.099" /><testcase classname="backend.tests.test_iter16_otp_admin_contact.TestAdminContact" name="test_admin_contact_no_sensitive_data" time="0.104" /><testcase classname="backend.tests.test_iter16_otp_admin_contact.TestSendOtp" name="test_send_otp_valid_email_returns_200" time="0.105" /><testcase classname="backend.tests.test_iter16_otp_admin_contact.TestSendOtp" name="test_send_otp_dev_mode_returns_dev_otp" time="0.106" /><testcase classname="backend.tests.test_iter16_otp_admin_contact.TestSendOtp" name="test_send_otp_already_registered_email_returns_400" time="0.100" /><testcase classname="backend.tests.test_iter16_otp_admin_contact.TestSendOtp" name="test_send_otp_invalid_email_returns_422" time="0.100" /><testcase classname="backend.tests.test_iter16_otp_admin_contact.TestSendOtp" name="test_send_otp_has_message_field" time="0.106" /><testcase classname="backend.tests.test_iter16_otp_admin_contact.TestRegisterWithOTP" name="test_register_without_otp_field_returns_400" time="0.205" /><testcase classname="backend.tests.test_iter16_otp_admin_contact.TestRegisterWithOTP" name="test_register_with_incorrect_otp_returns_400" time="0.234" /><testcase classname="backend.tests.test_iter16_otp_admin_contact.TestRegisterWithOTP" name="test_register_with_correct_otp_creates_account" time="0.433" /><testcase classname="backend.tests.test_iter16_otp_admin_contact.TestRegisterWithOTP" name="test_register_with_no_otp_sent_returns_400" time="0.227" /><testcase classname="backend.tests.test_iter16_otp_admin_contact.TestRegisterWithOTP" name="test_register_duplicate_email_after_registration_returns_400" time="0.530" /><testcase classname="backend.tests.test_iter16_otp_admin_contact.TestProcedureConversations" name="test_create_conversation_with_admin_id" time="0.561" /><testcase classname="backend.tests.test_iter16_otp_admin_contact.TestProcedureConversations" name="test_admin_can_get_procedure_conversations" time="0.429" /><testcase classname="backend.tests.test_iter16_otp_admin_contact.TestProcedureConversations" name="test_conversation_response_structure" time="0.100" /></testsuite></testsuites>